{"synthetic": false,
 "schemaVersion": "2025-09-10",
 "outputs":
 {"o": ["687b4b340a606df9.olean"],
  "i": "0e8eae08ac985909.ilean",
  "c": "a305a247fce8d144.c"},
 "log":
 [{"message":
   ".> LEAN_PATH=/Users/ts21/risczero-ffi/lean4-transpile-demo/.lake/build/lib/lean /Users/ts21/.elan/toolchains/leanprover--lean4---v4.27.0/bin/lean /Users/ts21/risczero-ffi/lean4-transpile-demo/Main.lean -o /Users/ts21/risczero-ffi/lean4-transpile-demo/.lake/build/lib/lean/Main.olean -i /Users/ts21/risczero-ffi/lean4-transpile-demo/.lake/build/lib/lean/Main.ilean -c /Users/ts21/risczero-ffi/lean4-transpile-demo/.lake/build/ir/Main.c --setup /Users/ts21/risczero-ffi/lean4-transpile-demo/.lake/build/ir/Main.setup.json --json",
   "level": "trace"}],
 "inputs":
 [["Main:deps",
   [["deps",
     [["demo/demo:extraDep", [["@demo:extraDep", "00000000000006bb"]]],
      ["imports", "00000000000006bb"]]],
    ["libs",
     [["import dynlibs", "00000000000006bb"],
      ["package external libraries", "00000000000006bb"],
      ["module dynlibs", "00000000000006bb"],
      ["module plugins", "00000000000006bb"]]]]],
  ["Lean 4.27.0, commit db93fe1608548721853390a10cd40580fe7d22ae",
   "9a2be90fd35343e5"],
  ["/Users/ts21/risczero-ffi/lean4-transpile-demo/Main.lean",
   "621e5cc2af779846"],
  ["options", "00000000000006bb"],
  ["Module.leanArgs: #[]", "00000000000006bb"]],
 "depHash": "1f5aca5da2f4f274"}